0 info it worked if it ends with ok
1 verbose cli [ '/usr/local/Cellar/node4-lts/4.4.5/bin/node',
1 verbose cli   '/usr/local/bin/npm',
1 verbose cli   'install',
1 verbose cli   'react',
1 verbose cli   '--save' ]
2 info using npm@3.10.8
3 info using node@v4.4.5
4 silly loadCurrentTree Starting
5 silly install loadCurrentTree
6 silly install readLocalPackageData
7 silly fetchPackageMetaData react
8 silly fetchNamedPackageData react
9 silly mapToRegistry name react
10 silly mapToRegistry using default registry
11 silly mapToRegistry registry https://registry.npmjs.org/
12 silly mapToRegistry data Result {
12 silly mapToRegistry   raw: 'react',
12 silly mapToRegistry   scope: null,
12 silly mapToRegistry   escapedName: 'react',
12 silly mapToRegistry   name: 'react',
12 silly mapToRegistry   rawSpec: '',
12 silly mapToRegistry   spec: 'latest',
12 silly mapToRegistry   type: 'tag' }
13 silly mapToRegistry uri https://registry.npmjs.org/react
14 verbose request uri https://registry.npmjs.org/react
15 verbose request no auth needed
16 info attempt registry request try #1 at 3:59:33 PM
17 verbose request id 6b175f2bfbb5d46c
18 verbose etag "1MWROOGSJNRGSH6JFT5D49UQ0"
19 http request GET https://registry.npmjs.org/react
20 http 200 https://registry.npmjs.org/react
21 verbose headers { server: 'nginx/1.10.1',
21 verbose headers   'content-type': 'application/json',
21 verbose headers   'last-modified': 'Tue, 06 Dec 2016 07:01:56 GMT',
21 verbose headers   etag: 'W/"58466264-20fc4"',
21 verbose headers   'content-encoding': 'gzip',
21 verbose headers   'cache-control': 'max-age=300',
21 verbose headers   'content-length': '13048',
21 verbose headers   'accept-ranges': 'bytes',
21 verbose headers   date: 'Wed, 07 Dec 2016 20:59:33 GMT',
21 verbose headers   via: '1.1 varnish',
21 verbose headers   age: '135',
21 verbose headers   connection: 'keep-alive',
21 verbose headers   'x-served-by': 'cache-iad2136-IAD',
21 verbose headers   'x-cache': 'HIT',
21 verbose headers   'x-cache-hits': '3',
21 verbose headers   'x-timer': 'S1481144373.189476,VS0,VE0',
21 verbose headers   vary: 'Accept-Encoding' }
22 silly get cb [ 200,
22 silly get   { server: 'nginx/1.10.1',
22 silly get     'content-type': 'application/json',
22 silly get     'last-modified': 'Tue, 06 Dec 2016 07:01:56 GMT',
22 silly get     etag: 'W/"58466264-20fc4"',
22 silly get     'content-encoding': 'gzip',
22 silly get     'cache-control': 'max-age=300',
22 silly get     'content-length': '13048',
22 silly get     'accept-ranges': 'bytes',
22 silly get     date: 'Wed, 07 Dec 2016 20:59:33 GMT',
22 silly get     via: '1.1 varnish',
22 silly get     age: '135',
22 silly get     connection: 'keep-alive',
22 silly get     'x-served-by': 'cache-iad2136-IAD',
22 silly get     'x-cache': 'HIT',
22 silly get     'x-cache-hits': '3',
22 silly get     'x-timer': 'S1481144373.189476,VS0,VE0',
22 silly get     vary: 'Accept-Encoding' } ]
23 verbose get saving react to /Users/gabriel/.npm/registry.npmjs.org/react/.cache.json
24 verbose correctMkdir /Users/gabriel/.npm correctMkdir not in flight; initializing
25 silly install normalizeTree
26 silly loadCurrentTree Finishing
27 silly loadIdealTree Starting
28 silly install loadIdealTree
29 silly cloneCurrentTree Starting
30 silly install cloneCurrentTreeToIdealTree
31 silly cloneCurrentTree Finishing
32 silly loadShrinkwrap Starting
33 silly install loadShrinkwrap
34 silly loadShrinkwrap Finishing
35 silly loadAllDepsIntoIdealTree Starting
36 silly install loadAllDepsIntoIdealTree
37 silly rollbackFailedOptional Starting
38 silly rollbackFailedOptional Finishing
39 silly runTopLevelLifecycles Finishing
40 silly install printInstalled
41 verbose stack Error: Refusing to install react as a dependency of itself
41 verbose stack     at checkSelf (/usr/local/lib/node_modules/npm/lib/install/validate-args.js:53:14)
41 verbose stack     at Array.<anonymous> (/usr/local/lib/node_modules/npm/node_modules/slide/lib/bind-actor.js:15:8)
41 verbose stack     at LOOP (/usr/local/lib/node_modules/npm/node_modules/slide/lib/chain.js:15:14)
41 verbose stack     at chain (/usr/local/lib/node_modules/npm/node_modules/slide/lib/chain.js:20:5)
41 verbose stack     at /usr/local/lib/node_modules/npm/lib/install/validate-args.js:16:5
41 verbose stack     at /usr/local/lib/node_modules/npm/node_modules/slide/lib/async-map.js:52:35
41 verbose stack     at Array.forEach (native)
41 verbose stack     at /usr/local/lib/node_modules/npm/node_modules/slide/lib/async-map.js:52:11
41 verbose stack     at Array.forEach (native)
41 verbose stack     at asyncMap (/usr/local/lib/node_modules/npm/node_modules/slide/lib/async-map.js:51:8)
42 verbose cwd /Users/gabriel/Sites/Test/reactApp
43 error Darwin 15.5.0
44 error argv "/usr/local/Cellar/node4-lts/4.4.5/bin/node" "/usr/local/bin/npm" "install" "react" "--save"
45 error node v4.4.5
46 error npm  v3.10.8
47 error code ENOSELF
48 error Refusing to install react as a dependency of itself
49 error If you need help, you may report this error at:
49 error     <https://github.com/npm/npm/issues>
50 verbose exit [ 1, true ]
